<?xml version="1.0" encoding="UTF-8"?>
<!-- Generated by org.testng.reporters.JUnitReportReporter -->
<testsuite hostname="DESKTOP-AL5UCIP" failures="0" tests="1" name="testCase.TC1" time="10.470" errors="0" timestamp="2024-07-05T13:37:52 IST" skipped="0">
  <testcase classname="testCase.TC1" name="tc1" time="10.470"/>
  <system-out/>
</testsuite> <!-- testCase.TC1 -->
